[0.0, 0.0, -7.836000000000006]  log interuption occur in line: 3 
[0.0, 0.0, 5.590000000000003]  log interuption occur in line: 5 
[-10.0, -42.0, 5.347]  log interuption occur in line: 821 
[9.0, 37.0, 13.114999999999998]  log interuption occur in line: 2665 
[0.0, -13.0, 12.364999999999998]  log interuption occur in line: 6872 
[-9.0, -28.0, -23.410999999999998]  log interuption occur in line: 6874 
[9.0, 10.0, 47.848]  log interuption occur in line: 6883 
[0.0, 0.0, 5.853999999999999]  log interuption occur in line: 7088 
[0.0, 0.0, 6.873000000000005]  log interuption occur in line: 7351 
[0.0, 1.0, -30.480999999999998]  log interuption occur in line: 7354 
[0.0, 0.0, 6.871]  log interuption occur in line: 7358 
[0.0, 0.0, 39.138]  log interuption occur in line: 16914 
[0.0, 1.0, -41.199999999999996]  log interuption occur in line: 16916 
[0.0, 0.0, 27.876]  log interuption occur in line: 16921 
[0.0, 1.0, -27.766]  log interuption occur in line: 16923 
[0.0, 0.0, 15.752]  log interuption occur in line: 16928 
[0.0, 1.0, -15.834999999999999]  log interuption occur in line: 16932 
[0.0, 0.0, 48.045]  log interuption occur in line: 16938 
[0.0, 1.0, -51.528]  log interuption occur in line: 16940 
[0.0, 0.0, 39.505]  log interuption occur in line: 16944 
[0.0, 1.0, -39.426]  log interuption occur in line: 16946 
[0.0, 0.0, 27.407999999999998]  log interuption occur in line: 16950 
[0.0, 1.0, -27.317]  log interuption occur in line: 16952 
[0.0, 0.0, 15.296]  log interuption occur in line: 16957 
[0.0, 1.0, -15.235999999999999]  log interuption occur in line: 16958 
[0.0, 0.0, 48.035000000000004]  log interuption occur in line: 16964 
[0.0, 1.0, -51.192]  log interuption occur in line: 16966 
[0.0, 0.0, 39.007000000000005]  log interuption occur in line: 16970 
[0.0, 1.0, -38.761]  log interuption occur in line: 16972 
[0.0, 0.0, 26.739000000000004]  log interuption occur in line: 16976 
[0.0, 1.0, -26.654000000000003]  log interuption occur in line: 16978 
[0.0, 0.0, 14.640999999999998]  log interuption occur in line: 16983 
[0.0, 1.0, -14.588999999999999]  log interuption occur in line: 16984 
[0.0, 0.0, 48.036]  log interuption occur in line: 16990 
[0.0, 1.0, -50.515]  log interuption occur in line: 16992 
[0.0, 0.0, 38.501999999999995]  log interuption occur in line: 16996 
[0.0, 1.0, -38.428999999999995]  log interuption occur in line: 16998 
[0.0, 0.0, 26.421999999999997]  log interuption occur in line: 17002 
[0.0, 1.0, -26.237]  log interuption occur in line: 17004 
[0.0, 0.0, 14.221]  log interuption occur in line: 17009 
[0.0, 1.0, -14.155000000000001]  log interuption occur in line: 17010 
[0.0, 0.0, 21.398]  log interuption occur in line: 17016 
[0.0, 1.0, -17.335]  log interuption occur in line: 17087 
[0.0, -1.0, 41.146]  log interuption occur in line: 17089 
[0.0, 1.0, -50.12]  log interuption occur in line: 17094 
[0.0, 4.0, 13.352999999999998]  log interuption occur in line: 43393 
[-16.0, 29.0, -29.289]  log interuption occur in line: 105012 
